Build started 4/27/2015 3:13:39 PM.
     1>Project "E:\Visaul Studio Projects\offline_2\offline_2\offline_2\offline_2.vcxproj" on node 2 (Build target(s)).
     1>ClCompile:
         E:\Program Files (x86)\Microsoft Visual Studio 11.0\VC\bin\CL.exe /c /ZI /nologo /W3 /WX- /sdl /Od /Oy- /D WIN32 /D _DEBUG /D _CONSOLE /D _UNICODE /D UNICODE /D _CRT_SECURE_NO_WARNINGS /Gm /EHsc /RTC1 /MDd /GS /fp:precise /Zc:wchar_t /Zc:forScope /Yu"stdafx.h" /Fp"Debug\offline_2.pch" /Fo"Debug\\" /Fd"Debug\vc110.pdb" /Gd /TP /analyze- /errorReport:prompt offline_2.cpp
         offline_2.cpp
     1>e:\visaul studio projects\offline_2\offline_2\offline_2\bitmaploader.h(71): warning C4091: 'static ' : ignored on left of 'bitmapLoader' when no variable is declared
       Link:
         E:\Program Files (x86)\Microsoft Visual Studio 11.0\VC\bin\link.exe /ERRORREPORT:PROMPT /OUT:"E:\Visaul Studio Projects\offline_2\offline_2\Debug\offline_2.exe" /INCREMENTAL /NOLOGO kernel32.lib user32.lib gdi32.lib winspool.lib comdlg32.lib advapi32.lib shell32.lib ole32.lib oleaut32.lib uuid.lib odbc32.lib odbccp32.lib /MANIFEST /MANIFESTUAC:"level='asInvoker' uiAccess='false'" /manifest:embed /DEBUG /PDB:"E:\Visaul Studio Projects\offline_2\offline_2\Debug\offline_2.pdb" /SUBSYSTEM:CONSOLE /TLBID:1 /DYNAMICBASE /NXCOMPAT /IMPLIB:"E:\Visaul Studio Projects\offline_2\offline_2\Debug\offline_2.lib" /MACHINE:X86 Debug\Base.obj
         Debug\bitmapLoader.obj
         Debug\Cameras.obj
         Debug\MainPillar.obj
         Debug\megastructure.obj
         Debug\myclass.obj
         Debug\offline_2.obj
         Debug\Position.obj
         Debug\Rotation.obj
         Debug\RoundBows.obj
         Debug\stdafx.obj
         Debug\Transform.obj
         Debug\Vectors.obj
         offline_2.vcxproj -> E:\Visaul Studio Projects\offline_2\offline_2\Debug\offline_2.exe
     1>Done Building Project "E:\Visaul Studio Projects\offline_2\offline_2\offline_2\offline_2.vcxproj" (Build target(s)).

Build succeeded.

Time Elapsed 00:00:01.34
